<?xml version="1.0" encoding="UTF-8"?>
<testng-results skipped="0" failed="1" ignored="0" total="4" passed="3">
  <reporter-output>
  </reporter-output>
  <suite name="Suite" duration-ms="32434" started-at="2020-06-18T05:53:51Z" finished-at="2020-06-18T05:54:23Z">
    <groups>
    </groups>
    <test name="Test" duration-ms="32434" started-at="2020-06-18T05:53:51Z" finished-at="2020-06-18T05:54:23Z">
      <class name="testcase.TC03_GetData_API">
        <test-method status="PASS" signature="testRespondBody()[pri:0, instance:testcase.TC03_GetData_API@29774679]" name="testRespondBody" duration-ms="5753" started-at="2020-06-18T12:54:16Z" finished-at="2020-06-18T12:54:22Z">
          <reporter-output>
          </reporter-output>
        </test-method> <!-- testRespondBody -->
        <test-method status="PASS" signature="testRespondCode()[pri:0, instance:testcase.TC03_GetData_API@29774679]" name="testRespondCode" duration-ms="1205" started-at="2020-06-18T12:54:22Z" finished-at="2020-06-18T12:54:23Z">
          <reporter-output>
          </reporter-output>
        </test-method> <!-- testRespondCode -->
      </class> <!-- testcase.TC03_GetData_API -->
      <class name="testcase.TC01_Verify_student_inactive">
        <test-method status="PASS" signature="runBeforeTest()[pri:0, instance:testcase.TC01_Verify_student_inactive@5b275dab]" name="runBeforeTest" is-config="true" duration-ms="10691" started-at="2020-06-18T12:53:51Z" finished-at="2020-06-18T12:54:01Z">
          <reporter-output>
          </reporter-output>
        </test-method> <!-- runBeforeTest -->
        <test-method status="FAIL" signature="TC01_Verify_student_inactive()[pri:0, instance:testcase.TC01_Verify_student_inactive@5b275dab]" name="TC01_Verify_student_inactive" duration-ms="2237" started-at="2020-06-18T12:54:01Z" finished-at="2020-06-18T12:54:04Z">
          <exception class="java.lang.AssertionError">
            <message>
              <![CDATA[Error: Filter Student expected [Inactive] but found [Approved]]]>
            </message>
            <full-stacktrace>
              <![CDATA[java.lang.AssertionError: Error: Filter Student expected [Inactive] but found [Approved]
	at org.testng.Assert.fail(Assert.java:93)
	at org.testng.Assert.failNotEquals(Assert.java:512)
	at org.testng.Assert.assertEqualsImpl(Assert.java:134)
	at org.testng.Assert.assertEquals(Assert.java:115)
	at org.testng.Assert.assertEquals(Assert.java:189)
	at pageobject.MainPage.verifyFilterRequestStatus(MainPage.java:50)
	at testcase.TC01_Verify_student_inactive.TC01_Verify_student_inactive(TC01_Verify_student_inactive.java:30)
	at sun.reflect.NativeMethodAccessorImpl.invoke0(Native Method)
	at sun.reflect.NativeMethodAccessorImpl.invoke(Unknown Source)
	at sun.reflect.DelegatingMethodAccessorImpl.invoke(Unknown Source)
	at java.lang.reflect.Method.invoke(Unknown Source)
	at org.testng.internal.MethodInvocationHelper.invokeMethod(MethodInvocationHelper.java:108)
	at org.testng.internal.Invoker.invokeMethod(Invoker.java:661)
	at org.testng.internal.Invoker.invokeTestMethod(Invoker.java:869)
	at org.testng.internal.Invoker.invokeTestMethods(Invoker.java:1193)
	at org.testng.internal.TestMethodWorker.invokeTestMethods(TestMethodWorker.java:126)
	at org.testng.internal.TestMethodWorker.run(TestMethodWorker.java:109)
	at org.testng.TestRunner.privateRun(TestRunner.java:744)
	at org.testng.TestRunner.run(TestRunner.java:602)
	at org.testng.SuiteRunner.runTest(SuiteRunner.java:380)
	at org.testng.SuiteRunner.runSequentially(SuiteRunner.java:375)
	at org.testng.SuiteRunner.privateRun(SuiteRunner.java:340)
	at org.testng.SuiteRunner.run(SuiteRunner.java:289)
	at org.testng.SuiteRunnerWorker.runSuite(SuiteRunnerWorker.java:52)
	at org.testng.SuiteRunnerWorker.run(SuiteRunnerWorker.java:86)
	at org.testng.TestNG.runSuitesSequentially(TestNG.java:1301)
	at org.testng.TestNG.runSuitesLocally(TestNG.java:1226)
	at org.testng.TestNG.runSuites(TestNG.java:1144)
	at org.testng.TestNG.run(TestNG.java:1115)
	at org.testng.remote.AbstractRemoteTestNG.run(AbstractRemoteTestNG.java:132)
	at org.testng.remote.RemoteTestNG.initAndRun(RemoteTestNG.java:230)
	at org.testng.remote.RemoteTestNG.main(RemoteTestNG.java:76)
]]>
            </full-stacktrace>
          </exception> <!-- java.lang.AssertionError -->
          <reporter-output>
          </reporter-output>
        </test-method> <!-- TC01_Verify_student_inactive -->
        <test-method status="PASS" signature="closeBrowser()[pri:0, instance:testcase.TC01_Verify_student_inactive@5b275dab]" name="closeBrowser" is-config="true" duration-ms="1174" started-at="2020-06-18T12:54:04Z" finished-at="2020-06-18T12:54:05Z">
          <reporter-output>
          </reporter-output>
        </test-method> <!-- closeBrowser -->
      </class> <!-- testcase.TC01_Verify_student_inactive -->
      <class name="testcase.TC02_Verify_sorting_FirstName_Column">
        <test-method status="PASS" signature="runBeforeTest()[pri:0, instance:testcase.TC02_Verify_sorting_FirstName_Column@61832929]" name="runBeforeTest" is-config="true" duration-ms="7649" started-at="2020-06-18T12:54:05Z" finished-at="2020-06-18T12:54:13Z">
          <reporter-output>
          </reporter-output>
        </test-method> <!-- runBeforeTest -->
        <test-method status="PASS" signature="TC02_Verify_sorting_FirstName_Column()[pri:0, instance:testcase.TC02_Verify_sorting_FirstName_Column@61832929]" name="TC02_Verify_sorting_FirstName_Column" duration-ms="2499" started-at="2020-06-18T12:54:13Z" finished-at="2020-06-18T12:54:15Z">
          <reporter-output>
          </reporter-output>
        </test-method> <!-- TC02_Verify_sorting_FirstName_Column -->
        <test-method status="PASS" signature="closeBrowser()[pri:0, instance:testcase.TC02_Verify_sorting_FirstName_Column@61832929]" name="closeBrowser" is-config="true" duration-ms="1042" started-at="2020-06-18T12:54:15Z" finished-at="2020-06-18T12:54:16Z">
          <reporter-output>
          </reporter-output>
        </test-method> <!-- closeBrowser -->
      </class> <!-- testcase.TC02_Verify_sorting_FirstName_Column -->
    </test> <!-- Test -->
  </suite> <!-- Suite -->
</testng-results>
